Running on cpu
Training Dataste ... 
Number of samples : 180030
Development Dataste ... 
Number of samples : 30000


model parameters ... 
CNN(
  (conv_layer1): Conv2d(1, 8, kernel_size=(2, 2), stride=(1, 1))
  (max_pool1): MaxPool2d(kernel_size=(2, 2), stride=2, padding=0, dilation=1, ceil_mode=False)
  (conv_layer2): Conv2d(8, 16, kernel_size=(2, 2), stride=(1, 1))
  (max_pool2): MaxPool2d(kernel_size=(2, 2), stride=2, padding=0, dilation=1, ceil_mode=False)
  (relu1): ReLU()
  (fc1): Linear(in_features=16, out_features=64, bias=True)
)


model configuration ... 
{'board_size': 8, 'path_save': 'save_models', 'epoch': 20, 'earlyStopping': 20, 'len_inpout_seq': 1, 'LSTM_conf': {'hidden_dim': 128}}


model optimizer ... 
Adam (
Parameter Group 0
    amsgrad: False
    betas: (0.9, 0.999)
    capturable: False
    differentiable: False
    eps: 1e-08
    foreach: None
    fused: False
    lr: 0.001
    maximize: False
    weight_decay: 0
)


Number of parameters: 1656
epoch : 1/20 - loss = 4.154616640417616
Accuracy Train:4.03%, Dev:3.82% ; Time:11 (last_train:6, last_pred:5)
*************** The best score on DEV 1 :3.823%
epoch : 2/20 - loss = 4.133279336750178
Accuracy Train:6.78%, Dev:6.29% ; Time:21 (last_train:5, last_pred:5)
*************** The best score on DEV 2 :6.287%
epoch : 3/20 - loss = 4.116138460886413
Accuracy Train:7.68%, Dev:7.04% ; Time:32 (last_train:5, last_pred:5)
*************** The best score on DEV 3 :7.04%
epoch : 4/20 - loss = 4.107968238177221
Accuracy Train:8.17%, Dev:7.49% ; Time:42 (last_train:5, last_pred:5)
*************** The best score on DEV 4 :7.49%
epoch : 5/20 - loss = 4.103572466096826
Accuracy Train:8.41%, Dev:7.69% ; Time:61 (last_train:10, last_pred:10)
*************** The best score on DEV 5 :7.693%
epoch : 6/20 - loss = 4.10006566337459
Accuracy Train:8.98%, Dev:8.2% ; Time:81 (last_train:10, last_pred:10)
*************** The best score on DEV 6 :8.203%
epoch : 7/20 - loss = 4.095459318951349
Accuracy Train:9.27%, Dev:8.55% ; Time:100 (last_train:10, last_pred:10)
*************** The best score on DEV 7 :8.547%
epoch : 8/20 - loss = 4.093127988320029
Accuracy Train:9.44%, Dev:8.71% ; Time:120 (last_train:10, last_pred:10)
*************** The best score on DEV 8 :8.71%
epoch : 9/20 - loss = 4.0915162286705735
Accuracy Train:9.55%, Dev:8.79% ; Time:140 (last_train:10, last_pred:10)
*************** The best score on DEV 9 :8.787%
epoch : 10/20 - loss = 4.09015590709876
Accuracy Train:9.58%, Dev:8.81% ; Time:159 (last_train:10, last_pred:10)
*************** The best score on DEV 10 :8.807%
epoch : 11/20 - loss = 4.089079027017836
Accuracy Train:9.68%, Dev:8.86% ; Time:179 (last_train:10, last_pred:10)
*************** The best score on DEV 11 :8.857%
epoch : 12/20 - loss = 4.08792762861726
Accuracy Train:9.77%, Dev:8.88% ; Time:199 (last_train:10, last_pred:10)
*************** The best score on DEV 12 :8.877%
epoch : 13/20 - loss = 4.0871327410745355
Accuracy Train:9.81%, Dev:8.92% ; Time:218 (last_train:10, last_pred:10)
*************** The best score on DEV 13 :8.917%
epoch : 14/20 - loss = 4.086501735350045
Accuracy Train:9.87%, Dev:8.95% ; Time:237 (last_train:10, last_pred:10)
*************** The best score on DEV 14 :8.947%
epoch : 15/20 - loss = 4.085519888124414
Accuracy Train:10.03%, Dev:9.13% ; Time:256 (last_train:10, last_pred:9)
*************** The best score on DEV 15 :9.133%
epoch : 16/20 - loss = 4.084684079523244
Accuracy Train:10.05%, Dev:9.17% ; Time:275 (last_train:10, last_pred:10)
*************** The best score on DEV 16 :9.167%
epoch : 17/20 - loss = 4.084123922316409
Accuracy Train:10.09%, Dev:9.2% ; Time:295 (last_train:10, last_pred:10)
*************** The best score on DEV 17 :9.203%
epoch : 18/20 - loss = 4.083657140889879
Accuracy Train:10.14%, Dev:9.22% ; Time:314 (last_train:10, last_pred:10)
*************** The best score on DEV 18 :9.223%
epoch : 19/20 - loss = 4.083254524357411
Accuracy Train:10.17%, Dev:9.21% ; Time:333 (last_train:10, last_pred:9)
*************** The best score on DEV 18 :9.223%
epoch : 20/20 - loss = 4.082832805359561
Accuracy Train:10.26%, Dev:9.26% ; Time:352 (last_train:10, last_pred:10)
*************** The best score on DEV 20 :9.263%
Recalculing the best DEV: WAcc : 9.263333333333334%
