Running on cpu
Training Dataste ... 
Number of samples : 180030
Development Dataste ... 
Number of samples : 30000


model parameters ... 
CNN2(
  (conv_layer1): Conv2d(1, 8, kernel_size=(2, 2), stride=(1, 1))
  (conv_layer2): Conv2d(8, 16, kernel_size=(2, 2), stride=(1, 1))
  (conv_layer3): Conv2d(16, 16, kernel_size=(2, 2), stride=(1, 1))
  (max_pool): MaxPool2d(kernel_size=(2, 2), stride=2, padding=0, dilation=1, ceil_mode=False)
  (relu): ReLU()
  (fc1): Linear(in_features=64, out_features=64, bias=True)
)


model configuration ... 
{'board_size': 8, 'path_save': 'save_models', 'epoch': 20, 'earlyStopping': 20, 'len_inpout_seq': 1, 'LSTM_conf': {'hidden_dim': 128}}


model optimizer ... 
Adam (
Parameter Group 0
    amsgrad: False
    betas: (0.9, 0.999)
    capturable: False
    differentiable: False
    eps: 1e-08
    foreach: None
    fused: False
    lr: 0.001
    maximize: False
    weight_decay: 0
)


Number of parameters: 5768
epoch : 1/20 - loss = 4.14358288411936
Accuracy Train:8.03%, Dev:7.82% ; Time:13 (last_train:7, last_pred:6)
*************** The best score on DEV 1 :7.823%
epoch : 2/20 - loss = 4.101192708832125
Accuracy Train:9.21%, Dev:8.85% ; Time:26 (last_train:7, last_pred:6)
*************** The best score on DEV 2 :8.847%
epoch : 3/20 - loss = 4.093331676820365
Accuracy Train:9.42%, Dev:9.19% ; Time:39 (last_train:7, last_pred:6)
*************** The best score on DEV 3 :9.193%
epoch : 4/20 - loss = 4.090237522652136
Accuracy Train:9.67%, Dev:9.43% ; Time:53 (last_train:7, last_pred:6)
*************** The best score on DEV 4 :9.43%
epoch : 5/20 - loss = 4.087072256520308
Accuracy Train:10.03%, Dev:9.71% ; Time:66 (last_train:7, last_pred:6)
*************** The best score on DEV 5 :9.71%
epoch : 6/20 - loss = 4.084524563004298
Accuracy Train:10.16%, Dev:9.82% ; Time:79 (last_train:7, last_pred:6)
*************** The best score on DEV 6 :9.823%
epoch : 7/20 - loss = 4.082780801130263
Accuracy Train:10.26%, Dev:9.85% ; Time:93 (last_train:7, last_pred:6)
*************** The best score on DEV 7 :9.85%
epoch : 8/20 - loss = 4.08158550209762
Accuracy Train:10.44%, Dev:9.95% ; Time:106 (last_train:7, last_pred:6)
*************** The best score on DEV 8 :9.947%
epoch : 9/20 - loss = 4.0789138546306125
Accuracy Train:10.67%, Dev:10.14% ; Time:119 (last_train:7, last_pred:6)
*************** The best score on DEV 9 :10.137%
epoch : 10/20 - loss = 4.077505319816631
Accuracy Train:10.73%, Dev:10.18% ; Time:133 (last_train:7, last_pred:6)
*************** The best score on DEV 10 :10.18%
epoch : 11/20 - loss = 4.076603644460604
Accuracy Train:10.86%, Dev:10.32% ; Time:147 (last_train:8, last_pred:6)
*************** The best score on DEV 11 :10.32%
epoch : 12/20 - loss = 4.075807484473971
Accuracy Train:10.92%, Dev:10.33% ; Time:160 (last_train:7, last_pred:6)
*************** The best score on DEV 12 :10.333%
epoch : 13/20 - loss = 4.074764575747495
Accuracy Train:11.09%, Dev:10.48% ; Time:173 (last_train:7, last_pred:6)
*************** The best score on DEV 13 :10.48%
epoch : 14/20 - loss = 4.073482826928408
Accuracy Train:11.19%, Dev:10.61% ; Time:187 (last_train:7, last_pred:6)
*************** The best score on DEV 14 :10.613%
epoch : 15/20 - loss = 4.072446406875526
Accuracy Train:11.25%, Dev:10.69% ; Time:201 (last_train:8, last_pred:6)
*************** The best score on DEV 15 :10.69%
epoch : 16/20 - loss = 4.0716618727583915
Accuracy Train:11.32%, Dev:10.74% ; Time:214 (last_train:7, last_pred:6)
*************** The best score on DEV 16 :10.74%
epoch : 17/20 - loss = 4.071049432069557
Accuracy Train:11.28%, Dev:10.71% ; Time:228 (last_train:8, last_pred:6)
*************** The best score on DEV 16 :10.74%
epoch : 18/20 - loss = 4.070401017837103
Accuracy Train:11.32%, Dev:10.8% ; Time:241 (last_train:8, last_pred:6)
*************** The best score on DEV 18 :10.797%
epoch : 19/20 - loss = 4.069457968295608
Accuracy Train:11.43%, Dev:10.91% ; Time:256 (last_train:8, last_pred:6)
*************** The best score on DEV 19 :10.907%
epoch : 20/20 - loss = 4.068683281787851
Accuracy Train:11.57%, Dev:10.97% ; Time:270 (last_train:7, last_pred:6)
*************** The best score on DEV 20 :10.967%
Recalculing the best DEV: WAcc : 10.966666666666667%
