Running on cpu
Training Dataste ... 
Number of samples : 180030
Development Dataste ... 
Number of samples : 30000


model parameters ... 
CNN3(
  (conv_layer1): Conv2d(1, 8, kernel_size=(2, 2), stride=(1, 1))
  (conv_layer2): Conv2d(8, 16, kernel_size=(2, 2), stride=(1, 1))
  (conv_layer3): Conv2d(16, 32, kernel_size=(2, 2), stride=(1, 1))
  (conv_layer4): Conv2d(32, 64, kernel_size=(2, 2), stride=(1, 1))
  (conv_layer5): Conv2d(64, 64, kernel_size=(2, 2), stride=(1, 1))
  (max_pool): MaxPool2d(kernel_size=(2, 2), stride=2, padding=0, dilation=1, ceil_mode=False)
  (relu): ReLU()
  (fc1): Linear(in_features=64, out_features=64, bias=True)
)


model configuration ... 
{'board_size': 8, 'path_save': 'save_models', 'epoch': 20, 'earlyStopping': 20, 'len_inpout_seq': 1, 'LSTM_conf': {'hidden_dim': 128}}


model optimizer ... 
Adam (
Parameter Group 0
    amsgrad: False
    betas: (0.9, 0.999)
    capturable: False
    differentiable: False
    eps: 1e-08
    foreach: None
    fused: False
    lr: 0.001
    maximize: False
    weight_decay: 0
)


Number of parameters: 31512
epoch : 1/20 - loss = 4.138992054027747
Accuracy Train:6.41%, Dev:6.26% ; Time:23 (last_train:14, last_pred:9)
*************** The best score on DEV 1 :6.257%
epoch : 2/20 - loss = 4.113434030206164
Accuracy Train:7.38%, Dev:7.06% ; Time:45 (last_train:14, last_pred:9)
*************** The best score on DEV 2 :7.057%
epoch : 3/20 - loss = 4.107311485880646
Accuracy Train:8.01%, Dev:7.56% ; Time:68 (last_train:14, last_pred:9)
*************** The best score on DEV 3 :7.563%
epoch : 4/20 - loss = 4.10397387868133
Accuracy Train:8.28%, Dev:7.73% ; Time:90 (last_train:14, last_pred:9)
*************** The best score on DEV 4 :7.727%
epoch : 5/20 - loss = 4.100437135327587
Accuracy Train:8.41%, Dev:7.86% ; Time:112 (last_train:14, last_pred:9)
*************** The best score on DEV 5 :7.86%
epoch : 6/20 - loss = 4.097706807911067
Accuracy Train:8.74%, Dev:8.18% ; Time:135 (last_train:14, last_pred:9)
*************** The best score on DEV 6 :8.18%
epoch : 7/20 - loss = 4.096163214899558
Accuracy Train:9.04%, Dev:8.53% ; Time:157 (last_train:13, last_pred:8)
*************** The best score on DEV 7 :8.527%
epoch : 8/20 - loss = 4.09286421833776
Accuracy Train:9.01%, Dev:8.4% ; Time:181 (last_train:15, last_pred:9)
*************** The best score on DEV 7 :8.527%
epoch : 9/20 - loss = 4.091158002779629
Accuracy Train:9.18%, Dev:8.63% ; Time:203 (last_train:13, last_pred:9)
*************** The best score on DEV 9 :8.627%
epoch : 10/20 - loss = 4.089140049001789
Accuracy Train:9.36%, Dev:8.75% ; Time:225 (last_train:14, last_pred:8)
*************** The best score on DEV 10 :8.75%
epoch : 11/20 - loss = 4.087689470849643
Accuracy Train:9.68%, Dev:9.15% ; Time:246 (last_train:13, last_pred:8)
*************** The best score on DEV 11 :9.15%
epoch : 12/20 - loss = 4.085613566867554
Accuracy Train:9.87%, Dev:9.31% ; Time:268 (last_train:13, last_pred:9)
*************** The best score on DEV 12 :9.31%
epoch : 13/20 - loss = 4.08388380451097
Accuracy Train:10.93%, Dev:10.23% ; Time:290 (last_train:13, last_pred:8)
*************** The best score on DEV 13 :10.233%
epoch : 14/20 - loss = 4.075560602693926
Accuracy Train:11.04%, Dev:10.35% ; Time:312 (last_train:13, last_pred:9)
*************** The best score on DEV 14 :10.35%
epoch : 15/20 - loss = 4.073638179684212
Accuracy Train:11.1%, Dev:10.4% ; Time:334 (last_train:14, last_pred:8)
*************** The best score on DEV 15 :10.403%
epoch : 16/20 - loss = 4.072569671915381
Accuracy Train:11.25%, Dev:10.45% ; Time:356 (last_train:13, last_pred:8)
*************** The best score on DEV 16 :10.45%
epoch : 17/20 - loss = 4.0718759107326274
Accuracy Train:11.15%, Dev:10.44% ; Time:378 (last_train:13, last_pred:9)
*************** The best score on DEV 16 :10.45%
epoch : 18/20 - loss = 4.070291336070108
Accuracy Train:11.55%, Dev:10.72% ; Time:400 (last_train:13, last_pred:9)
*************** The best score on DEV 18 :10.717%
epoch : 19/20 - loss = 4.069130993679742
Accuracy Train:11.55%, Dev:10.81% ; Time:422 (last_train:14, last_pred:9)
*************** The best score on DEV 19 :10.81%
epoch : 20/20 - loss = 4.06792725779075
Accuracy Train:11.63%, Dev:10.83% ; Time:444 (last_train:13, last_pred:8)
*************** The best score on DEV 20 :10.827%
Recalculing the best DEV: WAcc : 10.826666666666666%
