Running on cpu
Training Dataste ... 
Number of samples : 180030
Development Dataste ... 
Number of samples : 30000


model parameters ... 
CNN4(
  (conv_layer1): Conv2d(1, 64, kernel_size=(2, 2), stride=(1, 1))
  (conv_layer2): Conv2d(64, 64, kernel_size=(2, 2), stride=(1, 1))
  (conv_layer3): Conv2d(64, 128, kernel_size=(2, 2), stride=(1, 1))
  (conv_layer4): Conv2d(128, 128, kernel_size=(2, 2), stride=(1, 1))
  (conv_layer5): Conv2d(128, 128, kernel_size=(2, 2), stride=(1, 1))
  (max_pool): MaxPool2d(kernel_size=(2, 2), stride=2, padding=0, dilation=1, ceil_mode=False)
  (relu): ReLU()
  (fc1): Linear(in_features=128, out_features=64, bias=True)
)


model configuration ... 
{'board_size': 8, 'path_save': 'save_models', 'epoch': 20, 'earlyStopping': 20, 'len_inpout_seq': 1, 'LSTM_conf': {'hidden_dim': 128}}


model optimizer ... 
Adam (
Parameter Group 0
    amsgrad: False
    betas: (0.9, 0.999)
    capturable: False
    differentiable: False
    eps: 1e-08
    foreach: None
    fused: False
    lr: 0.001
    maximize: False
    weight_decay: 0
)


Number of parameters: 189248
epoch : 1/20 - loss = 4.1238842168565615
Accuracy Train:8.2%, Dev:8.11% ; Time:63 (last_train:44, last_pred:19)
*************** The best score on DEV 1 :8.107%
epoch : 2/20 - loss = 4.0996978981060215
Accuracy Train:8.09%, Dev:8.15% ; Time:135 (last_train:48, last_pred:23)
*************** The best score on DEV 2 :8.15%
epoch : 3/20 - loss = 4.096462123301807
Accuracy Train:9.39%, Dev:9.27% ; Time:209 (last_train:51, last_pred:24)
*************** The best score on DEV 3 :9.267%
epoch : 4/20 - loss = 4.087757055272055
Accuracy Train:10.4%, Dev:10.21% ; Time:277 (last_train:47, last_pred:21)
*************** The best score on DEV 4 :10.213%
epoch : 5/20 - loss = 4.072915240545957
Accuracy Train:11.51%, Dev:11.15% ; Time:346 (last_train:48, last_pred:21)
*************** The best score on DEV 5 :11.147%
epoch : 6/20 - loss = 4.061424688739671
Accuracy Train:12.92%, Dev:12.49% ; Time:413 (last_train:46, last_pred:21)
*************** The best score on DEV 6 :12.493%
epoch : 7/20 - loss = 4.051624101828475
Accuracy Train:13.32%, Dev:12.87% ; Time:480 (last_train:46, last_pred:21)
*************** The best score on DEV 7 :12.873%
epoch : 8/20 - loss = 4.044158708983363
Accuracy Train:14.15%, Dev:13.72% ; Time:549 (last_train:47, last_pred:22)
*************** The best score on DEV 8 :13.72%
epoch : 9/20 - loss = 4.039111843425266
Accuracy Train:15.01%, Dev:14.56% ; Time:618 (last_train:47, last_pred:22)
*************** The best score on DEV 9 :14.557%
epoch : 10/20 - loss = 4.031480581062275
Accuracy Train:15.77%, Dev:15.23% ; Time:687 (last_train:47, last_pred:21)
*************** The best score on DEV 10 :15.233%
epoch : 11/20 - loss = 4.026049085743519
Accuracy Train:16.41%, Dev:15.75% ; Time:756 (last_train:47, last_pred:22)
*************** The best score on DEV 11 :15.753%
epoch : 12/20 - loss = 4.021280421736491
Accuracy Train:16.54%, Dev:15.94% ; Time:824 (last_train:47, last_pred:21)
*************** The best score on DEV 12 :15.937%
epoch : 13/20 - loss = 4.018395243428689
Accuracy Train:16.57%, Dev:15.8% ; Time:892 (last_train:47, last_pred:21)
*************** The best score on DEV 12 :15.937%
epoch : 14/20 - loss = 4.016391814742958
Accuracy Train:17.06%, Dev:16.28% ; Time:961 (last_train:48, last_pred:21)
*************** The best score on DEV 14 :16.283%
epoch : 15/20 - loss = 4.014578708627606
Accuracy Train:17.22%, Dev:16.42% ; Time:1031 (last_train:48, last_pred:22)
*************** The best score on DEV 15 :16.423%
epoch : 16/20 - loss = 4.0125156634420325
Accuracy Train:17.35%, Dev:16.53% ; Time:1101 (last_train:47, last_pred:23)
*************** The best score on DEV 16 :16.53%
epoch : 17/20 - loss = 4.011267185211182
Accuracy Train:16.49%, Dev:15.85% ; Time:1170 (last_train:48, last_pred:22)
*************** The best score on DEV 16 :16.53%
epoch : 18/20 - loss = 4.014492412957039
Accuracy Train:17.55%, Dev:16.7% ; Time:1238 (last_train:47, last_pred:21)
*************** The best score on DEV 18 :16.7%
epoch : 19/20 - loss = 4.006865297233202
Accuracy Train:18.22%, Dev:17.46% ; Time:1306 (last_train:47, last_pred:21)
*************** The best score on DEV 19 :17.463%
epoch : 20/20 - loss = 4.001564855733629
Accuracy Train:18.48%, Dev:17.63% ; Time:1375 (last_train:47, last_pred:22)
*************** The best score on DEV 20 :17.627%
Recalculing the best DEV: WAcc : 17.626666666666665%
