Running on cpu
Training Dataste ... 
Number of samples : 180030
Development Dataste ... 
Number of samples : 30000


model parameters ... 
CNN6(
  (conv_layer1): Conv2d(1, 64, kernel_size=(2, 2), stride=(1, 1))
  (conv_layer2): Conv2d(64, 64, kernel_size=(2, 2), stride=(1, 1))
  (conv_layer3): Conv2d(64, 64, kernel_size=(2, 2), stride=(1, 1))
  (conv_layer4): Conv2d(64, 128, kernel_size=(2, 2), stride=(1, 1))
  (conv_layer5): Conv2d(128, 128, kernel_size=(2, 2), stride=(1, 1))
  (conv_layer6): Conv2d(128, 128, kernel_size=(2, 2), stride=(1, 1))
  (conv_layer7): Conv2d(128, 128, kernel_size=(2, 2), stride=(1, 1))
  (conv_layer8): Conv2d(128, 128, kernel_size=(1, 1), stride=(1, 1))
  (conv_layer9): Conv2d(128, 128, kernel_size=(1, 1), stride=(1, 1))
  (max_pool): MaxPool2d(kernel_size=(2, 2), stride=2, padding=0, dilation=1, ceil_mode=False)
  (relu): ReLU()
  (fc1): Linear(in_features=128, out_features=64, bias=True)
)


model configuration ... 
{'board_size': 8, 'path_save': 'save_models', 'epoch': 20, 'earlyStopping': 20, 'len_inpout_seq': 1, 'LSTM_conf': {'hidden_dim': 128}}


model optimizer ... 
Adam (
Parameter Group 0
    amsgrad: False
    betas: (0.9, 0.999)
    capturable: False
    differentiable: False
    eps: 1e-08
    foreach: None
    fused: False
    lr: 0.001
    maximize: False
    weight_decay: 0
)


Number of parameters: 304384
epoch : 1/20 - loss = 4.145643479257657
Accuracy Train:5.08%, Dev:4.94% ; Time:78 (last_train:53, last_pred:25)
*************** The best score on DEV 1 :4.943%
epoch : 2/20 - loss = 4.122016111131531
Accuracy Train:6.13%, Dev:5.67% ; Time:158 (last_train:55, last_pred:25)
*************** The best score on DEV 2 :5.67%
epoch : 3/20 - loss = 4.109816730351738
Accuracy Train:7.55%, Dev:7.21% ; Time:241 (last_train:54, last_pred:29)
*************** The best score on DEV 3 :7.21%
epoch : 4/20 - loss = 4.107117721389012
Accuracy Train:7.53%, Dev:7.06% ; Time:322 (last_train:57, last_pred:23)
*************** The best score on DEV 3 :7.21%
epoch : 5/20 - loss = 4.097061418038047
Accuracy Train:9.09%, Dev:8.42% ; Time:399 (last_train:52, last_pred:25)
*************** The best score on DEV 5 :8.423%
epoch : 6/20 - loss = 4.089714740521341
Accuracy Train:10.07%, Dev:9.57% ; Time:474 (last_train:52, last_pred:23)
*************** The best score on DEV 6 :9.573%
epoch : 7/20 - loss = 4.080314791663575
Accuracy Train:10.61%, Dev:10.19% ; Time:552 (last_train:54, last_pred:24)
*************** The best score on DEV 7 :10.19%
epoch : 8/20 - loss = 4.070438722220573
Accuracy Train:12.32%, Dev:11.9% ; Time:627 (last_train:52, last_pred:24)
*************** The best score on DEV 8 :11.897%
epoch : 9/20 - loss = 4.049065072233506
Accuracy Train:14.74%, Dev:14.38% ; Time:703 (last_train:52, last_pred:24)
*************** The best score on DEV 9 :14.383%
epoch : 10/20 - loss = 4.028981123181338
Accuracy Train:15.95%, Dev:15.61% ; Time:780 (last_train:52, last_pred:24)
*************** The best score on DEV 10 :15.613%
epoch : 11/20 - loss = 4.022506151410098
Accuracy Train:17.11%, Dev:16.89% ; Time:864 (last_train:55, last_pred:29)
*************** The best score on DEV 11 :16.89%
epoch : 12/20 - loss = 4.009632792920698
Accuracy Train:17.86%, Dev:17.57% ; Time:945 (last_train:57, last_pred:23)
*************** The best score on DEV 12 :17.573%
epoch : 13/20 - loss = 4.0040946757595846
Accuracy Train:18.13%, Dev:17.93% ; Time:1020 (last_train:52, last_pred:24)
*************** The best score on DEV 13 :17.933%
epoch : 14/20 - loss = 4.000509795562997
Accuracy Train:19.03%, Dev:18.5% ; Time:1096 (last_train:52, last_pred:24)
*************** The best score on DEV 14 :18.497%
epoch : 15/20 - loss = 3.994992684264209
Accuracy Train:19.3%, Dev:18.84% ; Time:1172 (last_train:52, last_pred:24)
*************** The best score on DEV 15 :18.84%
epoch : 16/20 - loss = 3.9909492000031865
Accuracy Train:19.71%, Dev:19.16% ; Time:1247 (last_train:51, last_pred:24)
*************** The best score on DEV 16 :19.163%
epoch : 17/20 - loss = 3.9894249096759773
Accuracy Train:19.36%, Dev:18.96% ; Time:1321 (last_train:51, last_pred:23)
*************** The best score on DEV 16 :19.163%
epoch : 18/20 - loss = 3.988285540217194
Accuracy Train:19.96%, Dev:19.47% ; Time:1396 (last_train:51, last_pred:24)
*************** The best score on DEV 18 :19.47%
epoch : 19/20 - loss = 3.986373768326986
Accuracy Train:20.11%, Dev:19.43% ; Time:1472 (last_train:51, last_pred:25)
*************** The best score on DEV 18 :19.47%
epoch : 20/20 - loss = 3.986750289221495
Accuracy Train:19.84%, Dev:19.36% ; Time:1547 (last_train:51, last_pred:24)
*************** The best score on DEV 18 :19.47%
Recalculing the best DEV: WAcc : 19.470000000000002%
