Running on cpu
Training Dataste ... 
Number of samples : 180030
Development Dataste ... 
Number of samples : 30000


model parameters ... 
LSTM3(
  (lstm): LSTM(64, 256, batch_first=True)
  (hidden2output): Linear(in_features=512, out_features=64, bias=True)
  (dropout): Dropout(p=0.1, inplace=False)
)


model configuration ... 
{'board_size': 8, 'path_save': 'save_models', 'epoch': 20, 'earlyStopping': 20, 'len_inpout_seq': 10, 'LSTM_conf': {'hidden_dim': 128}}


model optimizer ... 
Adam (
Parameter Group 0
    amsgrad: False
    betas: (0.9, 0.999)
    capturable: False
    differentiable: False
    eps: 1e-08
    foreach: None
    fused: False
    lr: 0.005
    maximize: False
    weight_decay: 0
)


Number of parameters: 362560
epoch : 1/20 - loss = 4.1519264489906265
Accuracy Train:5.32%, Dev:4.78% ; Time:197 (last_train:126, last_pred:71)
*************** The best score on DEV 1 :4.78%
epoch : 2/20 - loss = 4.148753748414266
Accuracy Train:4.43%, Dev:4.16% ; Time:392 (last_train:121, last_pred:74)
*************** The best score on DEV 1 :4.78%
epoch : 3/20 - loss = 4.14770460655676
Accuracy Train:4.13%, Dev:3.68% ; Time:580 (last_train:117, last_pred:70)
*************** The best score on DEV 1 :4.78%
epoch : 4/20 - loss = 4.146687017619939
Accuracy Train:4.8%, Dev:4.35% ; Time:767 (last_train:119, last_pred:68)
*************** The best score on DEV 1 :4.78%
epoch : 5/20 - loss = 4.146033821843606
Accuracy Train:4.66%, Dev:4.3% ; Time:960 (last_train:115, last_pred:78)
*************** The best score on DEV 1 :4.78%
epoch : 6/20 - loss = 4.145723328405981
Accuracy Train:4.81%, Dev:4.39% ; Time:1168 (last_train:132, last_pred:76)
*************** The best score on DEV 1 :4.78%
epoch : 7/20 - loss = 4.145773314639349
Accuracy Train:5.07%, Dev:4.47% ; Time:1359 (last_train:120, last_pred:71)
*************** The best score on DEV 1 :4.78%
epoch : 8/20 - loss = 4.144719774551813
Accuracy Train:4.73%, Dev:4.25% ; Time:1547 (last_train:117, last_pred:71)
*************** The best score on DEV 1 :4.78%
epoch : 9/20 - loss = 4.142920476955603
Accuracy Train:4.59%, Dev:4.05% ; Time:1736 (last_train:117, last_pred:72)
*************** The best score on DEV 1 :4.78%
epoch : 10/20 - loss = 4.142503402509742
Accuracy Train:4.74%, Dev:4.2% ; Time:1922 (last_train:122, last_pred:65)
*************** The best score on DEV 1 :4.78%
epoch : 11/20 - loss = 4.141014664212643
Accuracy Train:4.94%, Dev:4.27% ; Time:2101 (last_train:104, last_pred:75)
*************** The best score on DEV 1 :4.78%
epoch : 12/20 - loss = 4.140080561295399
Accuracy Train:5.24%, Dev:4.75% ; Time:2288 (last_train:117, last_pred:70)
*************** The best score on DEV 1 :4.78%
epoch : 13/20 - loss = 4.1391586980767014
Accuracy Train:5.15%, Dev:4.56% ; Time:2467 (last_train:114, last_pred:65)
*************** The best score on DEV 1 :4.78%
epoch : 14/20 - loss = 4.139424421510644
Accuracy Train:5.16%, Dev:4.48% ; Time:2651 (last_train:113, last_pred:71)
*************** The best score on DEV 1 :4.78%
epoch : 15/20 - loss = 4.138488423099834
Accuracy Train:5.66%, Dev:5.02% ; Time:2852 (last_train:131, last_pred:70)
*************** The best score on DEV 15 :5.023%
epoch : 16/20 - loss = 4.137504669842799
Accuracy Train:5.81%, Dev:5.14% ; Time:3034 (last_train:113, last_pred:69)
*************** The best score on DEV 16 :5.137%
epoch : 17/20 - loss = 4.136516088938845
Accuracy Train:5.81%, Dev:5.08% ; Time:3225 (last_train:117, last_pred:74)
*************** The best score on DEV 16 :5.137%
epoch : 18/20 - loss = 4.136119140445857
Accuracy Train:7.27%, Dev:6.59% ; Time:3408 (last_train:114, last_pred:69)
*************** The best score on DEV 18 :6.59%
epoch : 19/20 - loss = 4.134778165026923
Accuracy Train:7.44%, Dev:6.66% ; Time:3592 (last_train:116, last_pred:68)
*************** The best score on DEV 19 :6.66%
epoch : 20/20 - loss = 4.134206179097212
Accuracy Train:7.7%, Dev:6.77% ; Time:3777 (last_train:115, last_pred:70)
*************** The best score on DEV 20 :6.767%
Recalculing the best DEV: WAcc : 6.766666666666667%
