Running on cpu
Training Dataste ... 
Number of samples : 180030
Development Dataste ... 
Number of samples : 30000


model parameters ... 
LSTM5(
  (lstm): LSTM(64, 128, batch_first=True)
  (hidden2output): Linear(in_features=256, out_features=64, bias=True)
  (dropout): Dropout(p=0.1, inplace=False)
)


model configuration ... 
{'board_size': 8, 'path_save': 'save_models', 'epoch': 20, 'earlyStopping': 20, 'len_inpout_seq': 10, 'LSTM_conf': {'hidden_dim': 128}}


model optimizer ... 
Adam (
Parameter Group 0
    amsgrad: False
    betas: (0.9, 0.999)
    capturable: False
    differentiable: False
    eps: 1e-08
    foreach: None
    fused: False
    lr: 0.01
    maximize: False
    weight_decay: 0
)


Number of parameters: 115776
epoch : 1/20 - loss = 4.151147112661962
Accuracy Train:4.62%, Dev:4.25% ; Time:116 (last_train:69, last_pred:47)
*************** The best score on DEV 1 :4.253%
epoch : 2/20 - loss = 4.148407419742141
Accuracy Train:4.7%, Dev:4.2% ; Time:240 (last_train:66, last_pred:58)
*************** The best score on DEV 1 :4.253%
epoch : 3/20 - loss = 4.147187794111051
Accuracy Train:5.32%, Dev:4.97% ; Time:349 (last_train:63, last_pred:46)
*************** The best score on DEV 3 :4.97%
epoch : 4/20 - loss = 4.146057368642059
Accuracy Train:5.95%, Dev:5.4% ; Time:458 (last_train:63, last_pred:47)
*************** The best score on DEV 4 :5.397%
epoch : 5/20 - loss = 4.144719213411953
Accuracy Train:6.49%, Dev:5.82% ; Time:565 (last_train:61, last_pred:46)
*************** The best score on DEV 5 :5.817%
epoch : 6/20 - loss = 4.145325057414356
Accuracy Train:6.29%, Dev:5.71% ; Time:678 (last_train:66, last_pred:47)
*************** The best score on DEV 5 :5.817%
epoch : 7/20 - loss = 4.14352785026171
Accuracy Train:6.24%, Dev:5.51% ; Time:788 (last_train:63, last_pred:47)
*************** The best score on DEV 5 :5.817%
epoch : 8/20 - loss = 4.14293796581458
Accuracy Train:6.71%, Dev:6.26% ; Time:898 (last_train:63, last_pred:47)
*************** The best score on DEV 8 :6.26%
epoch : 9/20 - loss = 4.1421512846130035
Accuracy Train:6.39%, Dev:5.85% ; Time:1009 (last_train:63, last_pred:47)
*************** The best score on DEV 8 :6.26%
epoch : 10/20 - loss = 4.141616133695149
Accuracy Train:6.68%, Dev:6.18% ; Time:1119 (last_train:63, last_pred:47)
*************** The best score on DEV 8 :6.26%
epoch : 11/20 - loss = 4.140697288249737
Accuracy Train:7.39%, Dev:6.51% ; Time:1229 (last_train:63, last_pred:47)
*************** The best score on DEV 11 :6.507%
epoch : 12/20 - loss = 4.140083444711253
Accuracy Train:7.15%, Dev:6.39% ; Time:1340 (last_train:64, last_pred:47)
*************** The best score on DEV 11 :6.507%
epoch : 13/20 - loss = 4.1396227212242
Accuracy Train:7.46%, Dev:6.84% ; Time:1450 (last_train:63, last_pred:47)
*************** The best score on DEV 13 :6.84%
epoch : 14/20 - loss = 4.138594454823278
Accuracy Train:7.17%, Dev:6.49% ; Time:1560 (last_train:63, last_pred:47)
*************** The best score on DEV 13 :6.84%
epoch : 15/20 - loss = 4.137972892318642
Accuracy Train:7.1%, Dev:6.41% ; Time:1670 (last_train:64, last_pred:47)
*************** The best score on DEV 13 :6.84%
epoch : 16/20 - loss = 4.137040312118952
Accuracy Train:7.31%, Dev:6.6% ; Time:1781 (last_train:63, last_pred:47)
*************** The best score on DEV 13 :6.84%
epoch : 17/20 - loss = 4.137166767489186
Accuracy Train:7.71%, Dev:6.95% ; Time:1906 (last_train:74, last_pred:51)
*************** The best score on DEV 17 :6.95%
epoch : 18/20 - loss = 4.137652224598669
Accuracy Train:7.44%, Dev:6.91% ; Time:2025 (last_train:68, last_pred:51)
*************** The best score on DEV 17 :6.95%
epoch : 19/20 - loss = 4.1366275371108925
Accuracy Train:7.43%, Dev:6.73% ; Time:2150 (last_train:76, last_pred:50)
*************** The best score on DEV 17 :6.95%
epoch : 20/20 - loss = 4.136030282763486
Accuracy Train:7.55%, Dev:6.88% ; Time:2277 (last_train:76, last_pred:51)
*************** The best score on DEV 17 :6.95%
Recalculing the best DEV: WAcc : 6.950000000000001%
