Running on cpu
Training Dataste ... 
Number of samples : 180030
Development Dataste ... 
Number of samples : 30000


model parameters ... 
MLP17(
  (lin1): Linear(in_features=64, out_features=1250, bias=True)
  (lin2): Linear(in_features=1250, out_features=1250, bias=True)
  (lin3): Linear(in_features=1250, out_features=64, bias=True)
  (dropout): Dropout(p=0.1, inplace=False)
  (relu): ReLU()
)


model configuration ... 
{'board_size': 8, 'path_save': 'save_models', 'epoch': 20, 'earlyStopping': 20, 'len_inpout_seq': 1, 'LSTM_conf': {'hidden_dim': 128}}


model optimizer ... 
Adam (
Parameter Group 0
    amsgrad: False
    betas: (0.9, 0.999)
    capturable: False
    differentiable: False
    eps: 1e-08
    foreach: None
    fused: False
    lr: 0.001
    maximize: False
    weight_decay: 0
)


Number of parameters: 1725064
epoch : 1/20 - loss = 4.089486361867157
Accuracy Train:12.18%, Dev:11.33% ; Time:38 (last_train:26sec, last_pred:12sec)
*************** The best score on DEV 1 :11.33%
epoch : 2/20 - loss = 4.059286520626005
Accuracy Train:13.86%, Dev:12.76% ; Time:77 (last_train:26sec, last_pred:12sec)
*************** The best score on DEV 2 :12.757%
epoch : 3/20 - loss = 4.042549208382876
Accuracy Train:14.93%, Dev:13.35% ; Time:117 (last_train:27sec, last_pred:14sec)
*************** The best score on DEV 3 :13.35%
epoch : 4/20 - loss = 4.034161110609276
Accuracy Train:16.03%, Dev:14.25% ; Time:164 (last_train:33sec, last_pred:14sec)
*************** The best score on DEV 4 :14.247%
epoch : 5/20 - loss = 4.02059208095403
Accuracy Train:16.84%, Dev:14.95% ; Time:207 (last_train:29sec, last_pred:13sec)
*************** The best score on DEV 5 :14.953%
epoch : 6/20 - loss = 4.010053224985112
Accuracy Train:18.29%, Dev:16.0% ; Time:251 (last_train:29sec, last_pred:15sec)
*************** The best score on DEV 6 :16.003%
epoch : 7/20 - loss = 3.9983063718890617
Accuracy Train:19.49%, Dev:16.92% ; Time:308 (last_train:41sec, last_pred:17sec)
*************** The best score on DEV 7 :16.923%
epoch : 8/20 - loss = 3.987363557130592
Accuracy Train:20.33%, Dev:17.63% ; Time:364 (last_train:38sec, last_pred:17sec)
*************** The best score on DEV 8 :17.63%
epoch : 9/20 - loss = 3.9774625577979323
Accuracy Train:21.39%, Dev:18.56% ; Time:421 (last_train:39sec, last_pred:18sec)
*************** The best score on DEV 9 :18.56%
epoch : 10/20 - loss = 3.967468136581927
Accuracy Train:22.12%, Dev:19.16% ; Time:476 (last_train:37sec, last_pred:18sec)
*************** The best score on DEV 10 :19.163%
epoch : 11/20 - loss = 3.958176284863804
Accuracy Train:23.18%, Dev:19.81% ; Time:530 (last_train:38sec, last_pred:17sec)
*************** The best score on DEV 11 :19.807%
epoch : 12/20 - loss = 3.9477302053356698
Accuracy Train:24.19%, Dev:20.43% ; Time:586 (last_train:37sec, last_pred:19sec)
*************** The best score on DEV 12 :20.427%
epoch : 13/20 - loss = 3.938428019950403
Accuracy Train:24.84%, Dev:20.9% ; Time:641 (last_train:38sec, last_pred:17sec)
*************** The best score on DEV 13 :20.897%
epoch : 14/20 - loss = 3.9303053163033166
Accuracy Train:26.3%, Dev:21.63% ; Time:698 (last_train:38sec, last_pred:19sec)
*************** The best score on DEV 14 :21.633%
epoch : 15/20 - loss = 3.919462645251448
Accuracy Train:27.15%, Dev:22.08% ; Time:756 (last_train:40sec, last_pred:17sec)
*************** The best score on DEV 15 :22.083%
epoch : 16/20 - loss = 3.91159022578877
Accuracy Train:28.06%, Dev:22.41% ; Time:814 (last_train:41sec, last_pred:17sec)
*************** The best score on DEV 16 :22.41%
epoch : 17/20 - loss = 3.9040704840454605
Accuracy Train:28.57%, Dev:22.86% ; Time:869 (last_train:38sec, last_pred:17sec)
*************** The best score on DEV 17 :22.86%
epoch : 18/20 - loss = 3.8976044641673893
Accuracy Train:29.0%, Dev:22.92% ; Time:925 (last_train:39sec, last_pred:17sec)
*************** The best score on DEV 18 :22.92%
epoch : 19/20 - loss = 3.889642886693965
Accuracy Train:29.73%, Dev:23.31% ; Time:982 (last_train:39sec, last_pred:18sec)
*************** The best score on DEV 19 :23.313%
epoch : 20/20 - loss = 3.884764248494944
Accuracy Train:30.5%, Dev:23.68% ; Time:1038 (last_train:38sec, last_pred:18sec)
*************** The best score on DEV 20 :23.68%
Recalculing the best DEV: WAcc : 23.68%
