Running on cpu
Training Dataste ... 
Number of samples : 180030
Development Dataste ... 
Number of samples : 30000


model parameters ... 
MLP24(
  (lin1): Linear(in_features=64, out_features=1475, bias=True)
  (lin2): Linear(in_features=1475, out_features=1475, bias=True)
  (lin3): Linear(in_features=1475, out_features=64, bias=True)
  (dropout): Dropout(p=0.1, inplace=False)
  (relu): ReLU()
)


model configuration ... 
{'board_size': 8, 'path_save': 'save_models', 'epoch': 20, 'earlyStopping': 20, 'len_inpout_seq': 1, 'LSTM_conf': {'hidden_dim': 128}}


model optimizer ... 
Adam (
Parameter Group 0
    amsgrad: False
    betas: (0.9, 0.999)
    capturable: False
    differentiable: False
    eps: 1e-08
    foreach: None
    fused: False
    lr: 0.001
    maximize: False
    weight_decay: 0
)


Number of parameters: 2367439
epoch : 1/20 - loss = 4.085893553264892
Accuracy Train:12.14%, Dev:11.32% ; Time:72 (last_train:51sec, last_pred:21sec)
*************** The best score on DEV 1 :11.32%
epoch : 2/20 - loss = 4.055900629054117
Accuracy Train:13.57%, Dev:12.34% ; Time:144 (last_train:50sec, last_pred:22sec)
*************** The best score on DEV 2 :12.34%
epoch : 3/20 - loss = 4.042919086487912
Accuracy Train:15.07%, Dev:13.68% ; Time:217 (last_train:52sec, last_pred:22sec)
*************** The best score on DEV 3 :13.677%
epoch : 4/20 - loss = 4.031216720191154
Accuracy Train:16.38%, Dev:14.59% ; Time:290 (last_train:51sec, last_pred:22sec)
*************** The best score on DEV 4 :14.587%
epoch : 5/20 - loss = 4.018967747029679
Accuracy Train:17.17%, Dev:15.14% ; Time:361 (last_train:51sec, last_pred:21sec)
*************** The best score on DEV 5 :15.143%
epoch : 6/20 - loss = 4.008072696338043
Accuracy Train:18.38%, Dev:16.09% ; Time:435 (last_train:53sec, last_pred:21sec)
*************** The best score on DEV 6 :16.09%
epoch : 7/20 - loss = 3.9984117107496737
Accuracy Train:19.34%, Dev:16.77% ; Time:507 (last_train:51sec, last_pred:21sec)
*************** The best score on DEV 7 :16.767%
epoch : 8/20 - loss = 3.9866577973023305
Accuracy Train:20.6%, Dev:17.85% ; Time:579 (last_train:51sec, last_pred:22sec)
*************** The best score on DEV 8 :17.85%
epoch : 9/20 - loss = 3.975266601499273
Accuracy Train:21.92%, Dev:18.66% ; Time:652 (last_train:51sec, last_pred:22sec)
*************** The best score on DEV 9 :18.66%
epoch : 10/20 - loss = 3.9640384602941863
Accuracy Train:22.92%, Dev:19.57% ; Time:729 (last_train:52sec, last_pred:25sec)
*************** The best score on DEV 10 :19.573%
epoch : 11/20 - loss = 3.954142212209122
Accuracy Train:23.55%, Dev:20.05% ; Time:802 (last_train:52sec, last_pred:21sec)
*************** The best score on DEV 11 :20.05%
epoch : 12/20 - loss = 3.9450651347966486
Accuracy Train:24.97%, Dev:20.77% ; Time:875 (last_train:52sec, last_pred:21sec)
*************** The best score on DEV 12 :20.773%
epoch : 13/20 - loss = 3.9339585620395385
Accuracy Train:26.09%, Dev:21.41% ; Time:948 (last_train:53sec, last_pred:21sec)
*************** The best score on DEV 13 :21.413%
epoch : 14/20 - loss = 3.922763990433835
Accuracy Train:27.13%, Dev:22.11% ; Time:1020 (last_train:51sec, last_pred:22sec)
*************** The best score on DEV 14 :22.107%
epoch : 15/20 - loss = 3.9138356993870183
Accuracy Train:27.54%, Dev:22.19% ; Time:1096 (last_train:53sec, last_pred:23sec)
*************** The best score on DEV 15 :22.187%
epoch : 16/20 - loss = 3.906269878313686
Accuracy Train:28.39%, Dev:22.86% ; Time:1161 (last_train:50sec, last_pred:15sec)
*************** The best score on DEV 16 :22.857%
epoch : 17/20 - loss = 3.898950645278172
Accuracy Train:29.14%, Dev:23.06% ; Time:1212 (last_train:37sec, last_pred:15sec)
*************** The best score on DEV 17 :23.057%
epoch : 18/20 - loss = 3.890906826567255
Accuracy Train:30.16%, Dev:23.53% ; Time:1265 (last_train:38sec, last_pred:15sec)
*************** The best score on DEV 18 :23.527%
epoch : 19/20 - loss = 3.881709949746316
Accuracy Train:30.8%, Dev:23.87% ; Time:1322 (last_train:41sec, last_pred:17sec)
*************** The best score on DEV 19 :23.87%
epoch : 20/20 - loss = 3.873974458947366
Accuracy Train:31.84%, Dev:24.29% ; Time:1382 (last_train:43sec, last_pred:17sec)
*************** The best score on DEV 20 :24.29%
Recalculing the best DEV: WAcc : 24.29%
