Running on cpu
Training Dataste ... 
Number of samples : 180030
Development Dataste ... 
Number of samples : 30000


model parameters ... 
MLP6(
  (lin1): Linear(in_features=64, out_features=512, bias=True)
  (lin2): Linear(in_features=512, out_features=512, bias=True)
  (lin3): Linear(in_features=512, out_features=64, bias=True)
  (dropout): Dropout(p=0.1, inplace=False)
  (relu): ReLU()
)


model configuration ... 
{'board_size': 8, 'path_save': 'save_models', 'epoch': 20, 'earlyStopping': 20, 'len_inpout_seq': 1, 'LSTM_conf': {'hidden_dim': 128}}


model optimizer ... 
Adam (
Parameter Group 0
    amsgrad: False
    betas: (0.9, 0.999)
    capturable: False
    differentiable: False
    eps: 1e-08
    foreach: None
    fused: False
    lr: 0.001
    maximize: False
    weight_decay: 0
)


Number of parameters: 328768
epoch : 1/20 - loss = 4.103170660977864
Accuracy Train:11.12%, Dev:10.45% ; Time:23 (last_train:14sec, last_pred:9sec)
*************** The best score on DEV 1 :10.45%
epoch : 2/20 - loss = 4.063536557044772
Accuracy Train:13.24%, Dev:12.22% ; Time:45 (last_train:14sec, last_pred:9sec)
*************** The best score on DEV 2 :12.223%
epoch : 3/20 - loss = 4.0494571324870074
Accuracy Train:14.24%, Dev:12.97% ; Time:69 (last_train:14sec, last_pred:9sec)
*************** The best score on DEV 3 :12.97%
epoch : 4/20 - loss = 4.0366223925385025
Accuracy Train:16.33%, Dev:14.74% ; Time:92 (last_train:14sec, last_pred:10sec)
*************** The best score on DEV 4 :14.74%
epoch : 5/20 - loss = 4.021698315499237
Accuracy Train:17.09%, Dev:15.31% ; Time:115 (last_train:14sec, last_pred:9sec)
*************** The best score on DEV 5 :15.313%
epoch : 6/20 - loss = 4.011483188492159
Accuracy Train:18.21%, Dev:15.95% ; Time:138 (last_train:14sec, last_pred:9sec)
*************** The best score on DEV 6 :15.947%
epoch : 7/20 - loss = 4.002876045954162
Accuracy Train:18.81%, Dev:16.22% ; Time:161 (last_train:14sec, last_pred:9sec)
*************** The best score on DEV 7 :16.223%
epoch : 8/20 - loss = 3.996069283775203
Accuracy Train:19.54%, Dev:16.7% ; Time:184 (last_train:14sec, last_pred:9sec)
*************** The best score on DEV 8 :16.7%
epoch : 9/20 - loss = 3.990378091348469
Accuracy Train:19.96%, Dev:16.92% ; Time:207 (last_train:14sec, last_pred:8sec)
*************** The best score on DEV 9 :16.923%
epoch : 10/20 - loss = 3.9855461239156145
Accuracy Train:20.47%, Dev:17.42% ; Time:226 (last_train:12sec, last_pred:7sec)
*************** The best score on DEV 10 :17.42%
epoch : 11/20 - loss = 3.9803308360484424
Accuracy Train:21.07%, Dev:17.7% ; Time:246 (last_train:12sec, last_pred:7sec)
*************** The best score on DEV 11 :17.697%
epoch : 12/20 - loss = 3.9753465678810413
Accuracy Train:21.25%, Dev:17.86% ; Time:265 (last_train:12sec, last_pred:8sec)
*************** The best score on DEV 12 :17.863%
epoch : 13/20 - loss = 3.9704380733532143
Accuracy Train:21.82%, Dev:18.16% ; Time:284 (last_train:12sec, last_pred:8sec)
*************** The best score on DEV 13 :18.16%
epoch : 14/20 - loss = 3.9671157025500556
Accuracy Train:22.08%, Dev:18.35% ; Time:304 (last_train:12sec, last_pred:8sec)
*************** The best score on DEV 14 :18.353%
epoch : 15/20 - loss = 3.963084846570347
Accuracy Train:22.29%, Dev:18.37% ; Time:323 (last_train:11sec, last_pred:8sec)
*************** The best score on DEV 15 :18.373%
epoch : 16/20 - loss = 3.959877770250015
Accuracy Train:22.74%, Dev:18.69% ; Time:342 (last_train:11sec, last_pred:8sec)
*************** The best score on DEV 16 :18.687%
epoch : 17/20 - loss = 3.9555890546977848
Accuracy Train:22.82%, Dev:18.85% ; Time:359 (last_train:11sec, last_pred:6sec)
*************** The best score on DEV 17 :18.847%
epoch : 18/20 - loss = 3.9524595829663354
Accuracy Train:22.68%, Dev:18.94% ; Time:375 (last_train:9sec, last_pred:6sec)
*************** The best score on DEV 18 :18.943%
epoch : 19/20 - loss = 3.950215989054896
Accuracy Train:23.51%, Dev:19.14% ; Time:390 (last_train:9sec, last_pred:6sec)
*************** The best score on DEV 19 :19.14%
epoch : 20/20 - loss = 3.9481391985772065
Accuracy Train:23.85%, Dev:19.48% ; Time:406 (last_train:9sec, last_pred:6sec)
*************** The best score on DEV 20 :19.477%
Recalculing the best DEV: WAcc : 19.476666666666667%
